[2026-03-29 00:38:44] [INFO] 🚀 啟動 Phase 1: 功能規格
[2026-03-29 00:38:44] [INFO] 📋 使用 methodology-v2 v5.56 規範
[2026-03-29 00:38:44] [INFO] 🔄 Step 1: 啟動 A/B 團隊 (quick_start('dev'))...
[2026-03-29 00:38:44] [INFO]    ⚠️ 禁止單一 Agent 自編自審
[2026-03-29 00:38:44] [INFO]    ✅ A/B 團隊已啟動（Developer + Reviewer）
[2026-03-29 00:38:44] [INFO] 📝 Step 2: 角色 A 撰寫 SRS.md + 邏輯驗證方法...
[2026-03-29 00:38:44] [INFO]    ⚠️ 必須包含 Spec Logic Mapping（邏輯驗證方法）
[2026-03-29 00:38:44] [INFO] 🔄 Architect Agent 已啟動
[2026-03-29 00:38:44] [INFO] 🔍 Step 3: A/B 審查對話...
[2026-03-29 00:38:44] [INFO]    角色 B 必須確認：
[2026-03-29 00:38:44] [INFO]    - [ ] 是否包含負面測試場景？
[2026-03-29 00:38:44] [INFO]    - [ ] 邏輯驗證方法是否可被程式碼量化？
[2026-03-29 00:38:44] [INFO] ⏳ 等待完成（超時: 600秒）...
[2026-03-29 00:38:46] [INFO] ⚙️ Step 4: 執行 Quality Gate...
[2026-03-29 00:38:46] [INFO] 📋 執行: python3 quality_gate/doc_checker.py
[2026-03-29 00:38:46] [INFO]    結果: ✅
[2026-03-29 00:38:46] [INFO] 📋 執行: python3 quality_gate/constitution/runner.py --type srs
[2026-03-29 00:38:46] [INFO]    Constitution 完整輸出字數: 636
[2026-03-29 00:38:46] [INFO]    Score 部分: 0.0
[2026-03-29 00:38:46] [INFO]    結果: ❌
[2026-03-29 00:38:46] [INFO] 🎯 Step 5: 門檻檢查...
[2026-03-29 00:38:46] [INFO]    Constitution Score: 0/100
[2026-03-29 00:38:46] [ERROR] ❌ Phase 1 未完成：Constitution < 70/100
[2026-03-29 00:38:46] [ERROR]    禁止進入 Phase 2
